<?xml version="1.0" encoding="UTF-8"?>
<testsuite name="com.example.pos.controller.OrderControllerTest" tests="6" skipped="0" failures="0" errors="0" timestamp="2026-02-03T10:35:06" hostname="Mac" time="0.028">
  <properties/>
  <testcase name="createOrder_returnsCreated()" classname="com.example.pos.controller.OrderControllerTest" time="0.009"/>
  <testcase name="getOrder_notFound_returnsNotFound()" classname="com.example.pos.controller.OrderControllerTest" time="0.003"/>
  <testcase name="addOrUpdateItem_returnsOrder()" classname="com.example.pos.controller.OrderControllerTest" time="0.007"/>
  <testcase name="checkout_withIllegalArgument_returnsBadRequest()" classname="com.example.pos.controller.OrderControllerTest" time="0.003"/>
  <testcase name="getOrder_returnsOrder()" classname="com.example.pos.controller.OrderControllerTest" time="0.002"/>
  <testcase name="addOrUpdateItem_withInvalidBody_returnsBadRequest()" classname="com.example.pos.controller.OrderControllerTest" time="0.003"/>
  <system-out><![CDATA[2026-02-03T15:35:06.659+05:00  INFO 2153 --- [    Test worker] t.c.s.AnnotationConfigContextLoaderUtils : Could not detect default configuration classes for test class [com.example.pos.controller.OrderControllerTest]: OrderControllerTest does not declare any static, non-private, non-final, nested classes annotated with @Configuration.
2026-02-03T15:35:06.663+05:00  INFO 2153 --- [    Test worker] .b.t.c.SpringBootTestContextBootstrapper : Found @SpringBootConfiguration com.example.pos.PosApplication for test class com.example.pos.controller.OrderControllerTest

  .   ____          _            __ _ _
 /\\ / ___'_ __ _ _(_)_ __  __ _ \ \ \ \
( ( )\___ | '_ | '_| | '_ \/ _` | \ \ \ \
 \\/  ___)| |_)| | | | | || (_| |  ) ) ) )
  '  |____| .__|_| |_|_| |_\__, | / / / /
 =========|_|==============|___/=/_/_/_/
 :: Spring Boot ::                (v3.2.5)

2026-02-03T15:35:06.680+05:00  INFO 2153 --- [    Test worker] c.e.pos.controller.OrderControllerTest   : Starting OrderControllerTest using Java 17.0.10 with PID 2153 (started by asiffirdos in /Users/asiffirdos/work/pos-local/backend)
2026-02-03T15:35:06.680+05:00  INFO 2153 --- [    Test worker] c.e.pos.controller.OrderControllerTest   : No active profile set, falling back to 1 default profile: "default"
2026-02-03T15:35:06.812+05:00  INFO 2153 --- [    Test worker] o.s.b.t.m.w.SpringBootMockServletContext : Initializing Spring TestDispatcherServlet ''
2026-02-03T15:35:06.812+05:00  INFO 2153 --- [    Test worker] o.s.t.web.servlet.TestDispatcherServlet  : Initializing Servlet ''
2026-02-03T15:35:06.812+05:00  INFO 2153 --- [    Test worker] o.s.t.web.servlet.TestDispatcherServlet  : Completed initialization in 0 ms
2026-02-03T15:35:06.815+05:00  INFO 2153 --- [    Test worker] c.e.pos.controller.OrderControllerTest   : Started OrderControllerTest in 0.151 seconds (process running for 1.998)
]]></system-out>
  <system-err><![CDATA[]]></system-err>
</testsuite>
