<?xml version="1.0" encoding="UTF-8"?>
<testsuite name="com.example.pos.controller.ItemControllerTest" tests="6" skipped="0" failures="0" errors="0" timestamp="2026-02-03T19:33:25" hostname="Asifs-MacBook-Pro.local" time="0.171">
  <properties/>
  <testcase name="updateItem_notFound_returnsNotFound()" classname="com.example.pos.controller.ItemControllerTest" time="0.121"/>
  <testcase name="deleteItem_returnsNoContent()" classname="com.example.pos.controller.ItemControllerTest" time="0.006"/>
  <testcase name="createItem_returnsCreated()" classname="com.example.pos.controller.ItemControllerTest" time="0.008"/>
  <testcase name="updateItem_returnsOk()" classname="com.example.pos.controller.ItemControllerTest" time="0.004"/>
  <testcase name="listItems_returnsItems()" classname="com.example.pos.controller.ItemControllerTest" time="0.007"/>
  <testcase name="createItem_withInvalidBody_returnsBadRequest()" classname="com.example.pos.controller.ItemControllerTest" time="0.021"/>
  <system-out><![CDATA[2026-02-04T00:33:24.755+05:00  INFO 51144 --- [    Test worker] t.c.s.AnnotationConfigContextLoaderUtils : Could not detect default configuration classes for test class [com.example.pos.controller.ItemControllerTest]: ItemControllerTest does not declare any static, non-private, non-final, nested classes annotated with @Configuration.
2026-02-04T00:33:24.780+05:00  INFO 51144 --- [    Test worker] .b.t.c.SpringBootTestContextBootstrapper : Found @SpringBootConfiguration com.example.pos.PosApplication for test class com.example.pos.controller.ItemControllerTest

  .   ____          _            __ _ _
 /\\ / ___'_ __ _ _(_)_ __  __ _ \ \ \ \
( ( )\___ | '_ | '_| | '_ \/ _` | \ \ \ \
 \\/  ___)| |_)| | | | | || (_| |  ) ) ) )
  '  |____| .__|_| |_|_| |_\__, | / / / /
 =========|_|==============|___/=/_/_/_/
 :: Spring Boot ::                (v3.2.5)

2026-02-04T00:33:24.822+05:00  INFO 51144 --- [    Test worker] c.e.pos.controller.ItemControllerTest    : Starting ItemControllerTest using Java 17.0.10 with PID 51144 (started by asiffirdos in /Users/asiffirdos/work/pos-local/backend)
2026-02-04T00:33:24.822+05:00  INFO 51144 --- [    Test worker] c.e.pos.controller.ItemControllerTest    : No active profile set, falling back to 1 default profile: "default"
2026-02-04T00:33:25.267+05:00  INFO 51144 --- [    Test worker] o.s.b.t.m.w.SpringBootMockServletContext : Initializing Spring TestDispatcherServlet ''
2026-02-04T00:33:25.267+05:00  INFO 51144 --- [    Test worker] o.s.t.web.servlet.TestDispatcherServlet  : Initializing Servlet ''
2026-02-04T00:33:25.269+05:00  INFO 51144 --- [    Test worker] o.s.t.web.servlet.TestDispatcherServlet  : Completed initialization in 1 ms
2026-02-04T00:33:25.291+05:00  INFO 51144 --- [    Test worker] c.e.pos.controller.ItemControllerTest    : Started ItemControllerTest in 0.497 seconds (process running for 1.991)
]]></system-out>
  <system-err><![CDATA[]]></system-err>
</testsuite>
