<?xml version="1.0" encoding="UTF-8"?>
<testsuite name="com.example.pos.pra.StubPraFiscalizationClientTest" tests="3" skipped="0" failures="0" errors="0" timestamp="2026-02-03T19:33:25" hostname="Asifs-MacBook-Pro.local" time="0.007">
  <properties/>
  <testcase name="fiscalize_generatesStableFiscalNumber()" classname="com.example.pos.pra.StubPraFiscalizationClientTest" time="0.005"/>
  <testcase name="fiscalize_failsWhenRateIsOne()" classname="com.example.pos.pra.StubPraFiscalizationClientTest" time="0.001"/>
  <testcase name="fiscalize_failsWhenAmountAboveThreshold()" classname="com.example.pos.pra.StubPraFiscalizationClientTest" time="0.001"/>
  <system-out><![CDATA[]]></system-out>
  <system-err><![CDATA[]]></system-err>
</testsuite>
